<?xml version="1.0" encoding="UTF-8"?>
<!-- Generated by org.testng.reporters.JUnitReportReporter -->
<testsuite hostname="DESKTOP-0EJ8PRH" failures="0" tests="1" name="script.InvalidLogin" time="4.464" errors="0" timestamp="2024-10-23T11:34:52 IST" skipped="0">
  <testcase classname="script.InvalidLogin" name="testInvalidLogin" time="4.464"/>
  <system-out>
    <![CDATA[Err Msg is Displayed]]>
  </system-out>
</testsuite> <!-- script.InvalidLogin -->
