<?xml version="1.0" encoding="UTF-8"?>
<!-- Generated by org.testng.reporters.JUnitReportReporter -->
<testsuite hostname="DESKTOP-0EJ8PRH" failures="0" tests="1" name="script.ValidLogin" time="5.622" errors="0" timestamp="2024-10-22T12:24:43 IST" skipped="0">
  <testcase classname="script.ValidLogin" name="testValidLogin" time="5.622"/>
  <system-out>
    <![CDATA[Home Page is Displayed]]>
  </system-out>
</testsuite> <!-- script.ValidLogin -->
