<?xml version="1.0" encoding="UTF-8"?>
<!-- Generated by org.testng.reporters.JUnitReportReporter -->
<testsuite hostname="DESKTOP-0EJ8PRH" failures="0" tests="1" name="script.Demo1" time="4.911" errors="0" timestamp="2024-10-21T11:32:51 IST" skipped="0">
  <testcase classname="script.Demo1" name="testA" time="4.911"/>
</testsuite> <!-- script.Demo1 -->
