<?xml version="1.0" encoding="UTF-8"?>
<!-- Generated by org.testng.reporters.JUnitReportReporter -->
<testsuite hostname="DESKTOP-0EJ8PRH" failures="0" tests="1" name="script.ValidLogin" time="5.702" errors="0" timestamp="2024-10-23T11:43:38 IST" skipped="0">
  <testcase classname="script.ValidLogin" name="testValidLogin" time="5.702">
    <system-out>
      <![CDATA[Home Page is Displayed]]>
    </system-out>
  </testcase> <!-- testValidLogin -->
  <system-out>
    <![CDATA[Home Page is Displayed
Err Msg is Displayed]]>
  </system-out>
</testsuite> <!-- script.ValidLogin -->
