<?xml version="1.0" encoding="UTF-8"?>
<!-- Generated by org.testng.reporters.JUnitReportReporter -->
<testsuite hostname="DESKTOP-0EJ8PRH" failures="0" tests="1" name="script.Demo1" time="5.831" errors="0" timestamp="2024-10-22T11:23:03 IST" skipped="0">
  <testcase classname="script.Demo1" name="testA" time="5.831"/>
</testsuite> <!-- script.Demo1 -->
